<html>
<head>
<title>TestNG:  Default test</title>
<link href="../testng.css" rel="stylesheet" type="text/css" />
<link href="../my-testng.css" rel="stylesheet" type="text/css" />

<style type="text/css">
.log { display: none;} 
.stack-trace { display: none;} 
</style>
<script type="text/javascript">
<!--
function flip(e) {
  current = e.style.display;
  if (current == 'block') {
    e.style.display = 'none';
    return 0;
  }
  else {
    e.style.display = 'block';
    return 1;
  }
}

function toggleBox(szDivId, elem, msg1, msg2)
{
  var res = -1;  if (document.getElementById) {
    res = flip(document.getElementById(szDivId));
  }
  else if (document.all) {
    // this is the way old msie versions work
    res = flip(document.all[szDivId]);
  }
  if(elem) {
    if(res == 0) elem.innerHTML = msg1; else elem.innerHTML = msg2;
  }

}

function toggleAllBoxes() {
  if (document.getElementsByTagName) {
    d = document.getElementsByTagName('div');
    for (i = 0; i < d.length; i++) {
      if (d[i].className == 'log') {
        flip(d[i]);
      }
    }
  }
}

// -->
</script>

</head>
<body>
<h2 align='center'>Default test</h2><table border='1' align="center">
<tr>
<td>Tests passed/Failed/Skipped:</td><td>0/0/7</td>
</tr><tr>
<td>Started on:</td><td>Tue Jan 17 18:20:10 CST 2017</td>
</tr>
<tr><td>Total time:</td><td>13 seconds (13532 ms)</td>
</tr><tr>
<td>Included groups:</td><td></td>
</tr><tr>
<td>Excluded groups:</td><td></td>
</tr>
</table><p/>
<small><i>(Hover the method name to see the test class name)</i></small><p/>
<table width='100%' border='1' class='invocation-failed'>
<tr><td colspan='4' align='center'><b>FAILED CONFIGURATIONS</b></td></tr>
<tr><td><b>Test method</b></td>
<td width="30%"><b>Exception</b></td>
<td width="10%"><b>Time (seconds)</b></td>
<td><b>Instance</b></td>
</tr>
<tr>
<td title='project.test.SignUpTest.setUp()'><b>setUp</b><br>Test class: project.test.SignUpTest</td>
<td><div><pre>org.openqa.selenium.WebDriverException: unknown error: cannot get automation extension
from chrome not reachable
  (Session info: chrome=55.0.2883.87)
  (Driver info: chromedriver=2.25.426923 (0390b88869384d6eb0d5d09729679f934aab9eed),platform=Windows NT 10.0.14393 x86_64) (WARNING: The server did not provide any stacktrace information)
Command duration or timeout: 2.07 seconds
Build info: version: &apos;unknown&apos;, revision: &apos;1969d75&apos;, time: &apos;2016-10-18 09:43:45 -0700&apos;
System info: host: &apos;RebkNV&apos;, ip: &apos;192.168.200.110&apos;, os.name: &apos;Windows 10&apos;, os.arch: &apos;amd64&apos;, os.version: &apos;10.0&apos;, java.version: &apos;1.8.0_101&apos;
Driver info: org.openqa.selenium.chrome.ChromeDriver
Capabilities [{applicationCacheEnabled=false, rotatable=false, mobileEmulationEnabled=false, networkConnectionEnabled=false, chrome={chromedriverVersion=2.25.426923 (0390b88869384d6eb0d5d09729679f934aab9eed), userDataDir=C:\Users\Rebecca\AppData\Local\Temp\scoped_dir10292_7605}, takesHeapSnapshot=true, pageLoadStrategy=normal, databaseEnabled=false, handlesAlerts=true, hasTouchScreen=false, version=55.0.2883.87, platform=XP, browserConnectionEnabled=false, nativeEvents=true, acceptSslCerts=true, locationContextEnabled=true, webStorageEnabled=true, browserName=chrome, takesScreenshot=true, javascriptEnabled=true, cssSelectorsEnabled=true}]
Session ID: b4aaf8733574959fb462b3e07f57e2e8
	at sun.reflect.NativeConstructorAccessorImpl.newInstance0(Native Method)
	at sun.reflect.NativeConstructorAccessorImpl.newInstance(Unknown Source)
	at sun.reflect.DelegatingConstructorAccessorImpl.newInstance(Unknown Source)
	at java.lang.reflect.Constructor.newInstance(Unknown Source)
	at org.openqa.selenium.remote.ErrorHandler.createThrowable(ErrorHandler.java:216)
	at org.openqa.selenium.remote.ErrorHandler.throwIfResponseFailed(ErrorHandler.java:168)
	at org.openqa.selenium.remote.RemoteWebDriver.execute(RemoteWebDriver.java:635)
	at org.openqa.selenium.remote.RemoteWebDriver.execute(RemoteWebDriver.java:658)
	at org.openqa.selenium.remote.RemoteWebDriver$RemoteWebDriverOptions$RemoteWindow.maximize(RemoteWebDriver.java:882)
	at project.test.SignUpTest.setUp(SignUpTest.java:46)
	at sun.reflect.NativeMethodAccessorImpl.invoke0(Native Method)
	at sun.reflect.NativeMethodAccessorImpl.invoke(Unknown Source)
	at sun.reflect.DelegatingMethodAccessorImpl.invoke(Unknown Source)
	at java.lang.reflect.Method.invoke(Unknown Source)
	at org.testng.internal.MethodInvocationHelper.invokeMethod(MethodInvocationHelper.java:100)
	at org.testng.internal.Invoker.invokeConfigurationMethod(Invoker.java:515)
	at org.testng.internal.Invoker.invokeConfigurations(Invoker.java:216)
	at org.testng.internal.Invoker.invokeMethod(Invoker.java:590)
	at org.testng.internal.Invoker.invokeTestMethod(Invoker.java:811)
	at org.testng.internal.Invoker.invokeTestMethods(Invoker.java:1137)
	at org.testng.internal.TestMethodWorker.invokeTestMethods(TestMethodWorker.java:129)
	at org.testng.internal.TestMethodWorker.run(TestMethodWorker.java:112)
	at org.testng.TestRunner.privateRun(TestRunner.java:753)
	at org.testng.TestRunner.run(TestRunner.java:607)
	at org.testng.SuiteRunner.runTest(SuiteRunner.java:368)
	at org.testng.SuiteRunner.runSequentially(SuiteRunner.java:363)
	at org.testng.SuiteRunner.privateRun(SuiteRunner.java:321)
	at org.testng.SuiteRunner.run(SuiteRunner.java:270)
	at org.testng.SuiteRunnerWorker.runSuite(SuiteRunnerWorker.java:52)
	at org.testng.SuiteRunnerWorker.run(SuiteRunnerWorker.java:86)
	at org.testng.TestNG.runSuitesSequentially(TestNG.java:1284)
	at org.testng.TestNG.runSuitesLocally(TestNG.java:1209)
	at org.testng.TestNG.runSuites(TestNG.java:1124)
	at org.testng.TestNG.run(TestNG.java:1096)
	at org.testng.remote.AbstractRemoteTestNG.run(AbstractRemoteTestNG.java:132)
	at org.testng.remote.RemoteTestNG.initAndRun(RemoteTestNG.java:236)
	at org.testng.remote.RemoteTestNG.main(RemoteTestNG.java:81)
</pre></div><a href='#' onClick='toggleBox("stack-trace1042786867", this, "Click to show all stack frames", "Click to hide stack frames")'>Click to show all stack frames</a>
<div class='stack-trace' id='stack-trace1042786867'><pre>org.openqa.selenium.WebDriverException: unknown error: cannot get automation extension
from chrome not reachable
  (Session info: chrome=55.0.2883.87)
  (Driver info: chromedriver=2.25.426923 (0390b88869384d6eb0d5d09729679f934aab9eed),platform=Windows NT 10.0.14393 x86_64) (WARNING: The server did not provide any stacktrace information)
Command duration or timeout: 2.07 seconds
Build info: version: &apos;unknown&apos;, revision: &apos;1969d75&apos;, time: &apos;2016-10-18 09:43:45 -0700&apos;
System info: host: &apos;RebkNV&apos;, ip: &apos;192.168.200.110&apos;, os.name: &apos;Windows 10&apos;, os.arch: &apos;amd64&apos;, os.version: &apos;10.0&apos;, java.version: &apos;1.8.0_101&apos;
Driver info: org.openqa.selenium.chrome.ChromeDriver
Capabilities [{applicationCacheEnabled=false, rotatable=false, mobileEmulationEnabled=false, networkConnectionEnabled=false, chrome={chromedriverVersion=2.25.426923 (0390b88869384d6eb0d5d09729679f934aab9eed), userDataDir=C:\Users\Rebecca\AppData\Local\Temp\scoped_dir10292_7605}, takesHeapSnapshot=true, pageLoadStrategy=normal, databaseEnabled=false, handlesAlerts=true, hasTouchScreen=false, version=55.0.2883.87, platform=XP, browserConnectionEnabled=false, nativeEvents=true, acceptSslCerts=true, locationContextEnabled=true, webStorageEnabled=true, browserName=chrome, takesScreenshot=true, javascriptEnabled=true, cssSelectorsEnabled=true}]
Session ID: b4aaf8733574959fb462b3e07f57e2e8
	at sun.reflect.NativeConstructorAccessorImpl.newInstance0(Native Method)
	at sun.reflect.NativeConstructorAccessorImpl.newInstance(Unknown Source)
	at sun.reflect.DelegatingConstructorAccessorImpl.newInstance(Unknown Source)
	at java.lang.reflect.Constructor.newInstance(Unknown Source)
	at org.openqa.selenium.remote.ErrorHandler.createThrowable(ErrorHandler.java:216)
	at org.openqa.selenium.remote.ErrorHandler.throwIfResponseFailed(ErrorHandler.java:168)
	at org.openqa.selenium.remote.RemoteWebDriver.execute(RemoteWebDriver.java:635)
	at org.openqa.selenium.remote.RemoteWebDriver.execute(RemoteWebDriver.java:658)
	at org.openqa.selenium.remote.RemoteWebDriver$RemoteWebDriverOptions$RemoteWindow.maximize(RemoteWebDriver.java:882)
	at project.test.SignUpTest.setUp(SignUpTest.java:46)
	at sun.reflect.NativeMethodAccessorImpl.invoke0(Native Method)
	at sun.reflect.NativeMethodAccessorImpl.invoke(Unknown Source)
	at sun.reflect.DelegatingMethodAccessorImpl.invoke(Unknown Source)
	at java.lang.reflect.Method.invoke(Unknown Source)
	at org.testng.internal.MethodInvocationHelper.invokeMethod(MethodInvocationHelper.java:100)
	at org.testng.internal.Invoker.invokeConfigurationMethod(Invoker.java:515)
	at org.testng.internal.Invoker.invokeConfigurations(Invoker.java:216)
	at org.testng.internal.Invoker.invokeMethod(Invoker.java:590)
	at org.testng.internal.Invoker.invokeTestMethod(Invoker.java:811)
	at org.testng.internal.Invoker.invokeTestMethods(Invoker.java:1137)
	at org.testng.internal.TestMethodWorker.invokeTestMethods(TestMethodWorker.java:129)
	at org.testng.internal.TestMethodWorker.run(TestMethodWorker.java:112)
	at org.testng.TestRunner.privateRun(TestRunner.java:753)
	at org.testng.TestRunner.run(TestRunner.java:607)
	at org.testng.SuiteRunner.runTest(SuiteRunner.java:368)
	at org.testng.SuiteRunner.runSequentially(SuiteRunner.java:363)
	at org.testng.SuiteRunner.privateRun(SuiteRunner.java:321)
	at org.testng.SuiteRunner.run(SuiteRunner.java:270)
	at org.testng.SuiteRunnerWorker.runSuite(SuiteRunnerWorker.java:52)
	at org.testng.SuiteRunnerWorker.run(SuiteRunnerWorker.java:86)
	at org.testng.TestNG.runSuitesSequentially(TestNG.java:1284)
	at org.testng.TestNG.runSuitesLocally(TestNG.java:1209)
	at org.testng.TestNG.runSuites(TestNG.java:1124)
	at org.testng.TestNG.run(TestNG.java:1096)
	at org.testng.remote.AbstractRemoteTestNG.run(AbstractRemoteTestNG.java:132)
	at org.testng.remote.RemoteTestNG.initAndRun(RemoteTestNG.java:236)
	at org.testng.remote.RemoteTestNG.main(RemoteTestNG.java:81)
</pre></div></td>
<td>0</td>
<td>project.test.SignUpTest@6adede5</td></tr>
</table><p>
<table width='100%' border='1' class='invocation-skipped'>
<tr><td colspan='4' align='center'><b>SKIPPED CONFIGURATIONS</b></td></tr>
<tr><td><b>Test method</b></td>
<td width="30%"><b>Exception</b></td>
<td width="10%"><b>Time (seconds)</b></td>
<td><b>Instance</b></td>
</tr>
<tr>
<td title='project.test.SignUpTest.setUp()'><b>setUp</b><br>Test class: project.test.SignUpTest</td>
<td></td>
<td>0</td>
<td>project.test.SignUpTest@6adede5</td></tr>
<tr>
<td title='project.test.SignUpTest.setUp()'><b>setUp</b><br>Test class: project.test.SignUpTest</td>
<td></td>
<td>0</td>
<td>project.test.SignUpTest@6adede5</td></tr>
<tr>
<td title='project.test.SignUpTest.setUp()'><b>setUp</b><br>Test class: project.test.SignUpTest</td>
<td></td>
<td>0</td>
<td>project.test.SignUpTest@6adede5</td></tr>
<tr>
<td title='project.test.SignUpTest.setUp()'><b>setUp</b><br>Test class: project.test.SignUpTest</td>
<td></td>
<td>0</td>
<td>project.test.SignUpTest@6adede5</td></tr>
<tr>
<td title='project.test.SignUpTest.setUp()'><b>setUp</b><br>Test class: project.test.SignUpTest</td>
<td></td>
<td>0</td>
<td>project.test.SignUpTest@6adede5</td></tr>
<tr>
<td title='project.test.SignUpTest.setUp()'><b>setUp</b><br>Test class: project.test.SignUpTest</td>
<td></td>
<td>0</td>
<td>project.test.SignUpTest@6adede5</td></tr>
<tr>
<td title='project.test.SignUpTest.closeAll()'><b>closeAll</b><br>Test class: project.test.SignUpTest</td>
<td></td>
<td>0</td>
<td>project.test.SignUpTest@6adede5</td></tr>
<tr>
<td title='project.test.SignUpTest.closeAll()'><b>closeAll</b><br>Test class: project.test.SignUpTest</td>
<td></td>
<td>0</td>
<td>project.test.SignUpTest@6adede5</td></tr>
<tr>
<td title='project.test.SignUpTest.closeAll()'><b>closeAll</b><br>Test class: project.test.SignUpTest</td>
<td></td>
<td>0</td>
<td>project.test.SignUpTest@6adede5</td></tr>
<tr>
<td title='project.test.SignUpTest.closeAll()'><b>closeAll</b><br>Test class: project.test.SignUpTest</td>
<td></td>
<td>0</td>
<td>project.test.SignUpTest@6adede5</td></tr>
<tr>
<td title='project.test.SignUpTest.closeAll()'><b>closeAll</b><br>Test class: project.test.SignUpTest</td>
<td></td>
<td>0</td>
<td>project.test.SignUpTest@6adede5</td></tr>
<tr>
<td title='project.test.SignUpTest.closeAll()'><b>closeAll</b><br>Test class: project.test.SignUpTest</td>
<td></td>
<td>0</td>
<td>project.test.SignUpTest@6adede5</td></tr>
<tr>
<td title='project.test.SignUpTest.closeAll()'><b>closeAll</b><br>Test class: project.test.SignUpTest</td>
<td></td>
<td>0</td>
<td>project.test.SignUpTest@6adede5</td></tr>
</table><p>
<table width='100%' border='1' class='invocation-skipped'>
<tr><td colspan='4' align='center'><b>SKIPPED TESTS</b></td></tr>
<tr><td><b>Test method</b></td>
<td width="30%"><b>Exception</b></td>
<td width="10%"><b>Time (seconds)</b></td>
<td><b>Instance</b></td>
</tr>
<tr>
<td title='project.test.SignUpTest.LoginCorrectlyMethod()'><b>LoginCorrectlyMethod</b><br>Test class: project.test.SignUpTest</td>
<td></td>
<td>0</td>
<td>project.test.SignUpTest@6adede5</td></tr>
<tr>
<td title='project.test.SignUpTest.signUpCorrectlyMethod()'><b>signUpCorrectlyMethod</b><br>Test class: project.test.SignUpTest</td>
<td></td>
<td>0</td>
<td>project.test.SignUpTest@6adede5</td></tr>
<tr>
<td title='project.test.SignUpTest.signUpErrorMessagesMethod()'><b>signUpErrorMessagesMethod</b><br>Test class: project.test.SignUpTest<br>Parameters: , Najera, 123456, rbknajera@gmail.com, rebe123456, rebe123456, The First name field is required.</td>
<td></td>
<td>0</td>
<td>project.test.SignUpTest@6adede5</td></tr>
<tr>
<td title='project.test.SignUpTest.signUpErrorMessagesMethod()'><b>signUpErrorMessagesMethod</b><br>Test class: project.test.SignUpTest<br>Parameters: Rebecca, , 123456, rbknajera@gmail.com, rebe123456, rebe123456, The Last Name field is required.</td>
<td></td>
<td>0</td>
<td>project.test.SignUpTest@6adede5</td></tr>
<tr>
<td title='project.test.SignUpTest.signUpErrorMessagesMethod()'><b>signUpErrorMessagesMethod</b><br>Test class: project.test.SignUpTest<br>Parameters: Rebecca, Najera, 123456, , rebe123456, rebe123456, The Email field is required.</td>
<td></td>
<td>0</td>
<td>project.test.SignUpTest@6adede5</td></tr>
<tr>
<td title='project.test.SignUpTest.signUpErrorMessagesMethod()'><b>signUpErrorMessagesMethod</b><br>Test class: project.test.SignUpTest<br>Parameters: Rebecca, Najera, 123456, rbknajera@gmail.com, , , The Password field is required.</td>
<td></td>
<td>0</td>
<td>project.test.SignUpTest@6adede5</td></tr>
<tr>
<td title='project.test.SignUpTest.signUpErrorMessagesMethod()'><b>signUpErrorMessagesMethod</b><br>Test class: project.test.SignUpTest<br>Parameters: Rebecca, Najera, 123456, rbknajera@gmail.com, rebe123456, rebe456789, Password not matching with confirm password.</td>
<td></td>
<td>0</td>
<td>project.test.SignUpTest@6adede5</td></tr>
</table><p>
</body>
</html>